# JRE version: Java(TM) SE Runtime Environment (8.0_191-b12) (build 1.8.0_191-b12)
# Java VM: Java HotSpot(TM) 64-Bit Server VM (25.191-b12 mixed mode windows-amd64 compressed oops)
Heap:
 PSYoungGen      total 23552K, used 6661K [0x00000000d5d00000, 0x00000000d8680000, 0x0000000100000000)
  eden space 14848K, 3% used [0x00000000d5d00000,0x00000000d5d93470,0x00000000d6b80000)
  from space 8704K, 69% used [0x00000000d6b80000,0x00000000d716e200,0x00000000d7400000)
  to   space 11264K, 0% used [0x00000000d7b80000,0x00000000d7b80000,0x00000000d8680000)
 ParOldGen       total 16384K, used 16052K [0x0000000081600000, 0x0000000082600000, 0x00000000d5d00000)
  object space 16384K, 97% used [0x0000000081600000,0x00000000825ad158,0x0000000082600000)
 Metaspace       used 8032K, capacity 8820K, committed 8960K, reserved 1056768K
  class space    used 904K, capacity 944K, committed 1024K, reserved 1048576K
GC Heap History (10 events):
Event: 10.883 GC heap before
{Heap before GC invocations=10 (full 1):
 PSYoungGen      total 16384K, used 15729K [0x00000000d5d00000, 0x00000000d7a00000, 0x0000000100000000)
  eden space 11776K, 100% used [0x00000000d5d00000,0x00000000d6880000,0x00000000d6880000)
  from space 4608K, 85% used [0x00000000d6d80000,0x00000000d715c6b0,0x00000000d7200000)
  to   space 5120K, 0% used [0x00000000d6880000,0x00000000d6880000,0x00000000d6d80000)
 ParOldGen       total 9728K, used 5421K [0x0000000081600000, 0x0000000081f80000, 0x00000000d5d00000)
  object space 9728K, 55% used [0x0000000081600000,0x0000000081b4b6b8,0x0000000081f80000)
 Metaspace       used 7519K, capacity 8340K, committed 8704K, reserved 1056768K
  class space    used 887K, capacity 912K, committed 1024K, reserved 1048576K
Event: 10.900 GC heap after
Heap after GC invocations=10 (full 1):
 PSYoungGen      total 16896K, used 5097K [0x00000000d5d00000, 0x00000000d7c80000, 0x0000000100000000)
  eden space 11776K, 0% used [0x00000000d5d00000,0x00000000d5d00000,0x00000000d6880000)
  from space 5120K, 99% used [0x00000000d6880000,0x00000000d6d7a5b0,0x00000000d6d80000)
  to   space 7680K, 0% used [0x00000000d7500000,0x00000000d7500000,0x00000000d7c80000)
 ParOldGen       total 9728K, used 9581K [0x0000000081600000, 0x0000000081f80000, 0x00000000d5d00000)
  object space 9728K, 98% used [0x0000000081600000,0x0000000081f5b5b8,0x0000000081f80000)
 Metaspace       used 7519K, capacity 8340K, committed 8704K, reserved 1056768K
  class space    used 887K, capacity 912K, committed 1024K, reserved 1048576K
}
Event: 10.900 GC heap before
{Heap before GC invocations=11 (full 2):
 PSYoungGen      total 16896K, used 5097K [0x00000000d5d00000, 0x00000000d7c80000, 0x0000000100000000)
  eden space 11776K, 0% used [0x00000000d5d00000,0x00000000d5d00000,0x00000000d6880000)
  from space 5120K, 99% used [0x00000000d6880000,0x00000000d6d7a5b0,0x00000000d6d80000)
  to   space 7680K, 0% used [0x00000000d7500000,0x00000000d7500000,0x00000000d7c80000)
 ParOldGen       total 9728K, used 9581K [0x0000000081600000, 0x0000000081f80000, 0x00000000d5d00000)
  object space 9728K, 98% used [0x0000000081600000,0x0000000081f5b5b8,0x0000000081f80000)
 Metaspace       used 7519K, capacity 8340K, committed 8704K, reserved 1056768K
  class space    used 887K, capacity 912K, committed 1024K, reserved 1048576K
Event: 11.031 GC heap after
Heap after GC invocations=11 (full 2):
 PSYoungGen      total 16896K, used 5021K [0x00000000d5d00000, 0x00000000d7c80000, 0x0000000100000000)
  eden space 11776K, 0% used [0x00000000d5d00000,0x00000000d5d00000,0x00000000d6880000)
  from space 5120K, 98% used [0x00000000d6880000,0x00000000d6d677b0,0x00000000d6d80000)
  to   space 7680K, 0% used [0x00000000d7500000,0x00000000d7500000,0x00000000d7c80000)
 ParOldGen       total 16384K, used 9374K [0x0000000081600000, 0x0000000082600000, 0x00000000d5d00000)
  object space 16384K, 57% used [0x0000000081600000,0x0000000081f27be8,0x0000000082600000)
 Metaspace       used 7519K, capacity 8340K, committed 8704K, reserved 1056768K
  class space    used 887K, capacity 912K, committed 1024K, reserved 1048576K
}
Event: 13.995 GC heap before
{Heap before GC invocations=12 (full 2):
 PSYoungGen      total 16896K, used 16797K [0x00000000d5d00000, 0x00000000d7c80000, 0x0000000100000000)
  eden space 11776K, 100% used [0x00000000d5d00000,0x00000000d6880000,0x00000000d6880000)
  from space 5120K, 98% used [0x00000000d6880000,0x00000000d6d677b0,0x00000000d6d80000)
  to   space 7680K, 0% used [0x00000000d7500000,0x00000000d7500000,0x00000000d7c80000)
 ParOldGen       total 16384K, used 9374K [0x0000000081600000, 0x0000000082600000, 0x00000000d5d00000)
  object space 16384K, 57% used [0x0000000081600000,0x0000000081f27be8,0x0000000082600000)
 Metaspace       used 7634K, capacity 8404K, committed 8704K, reserved 1056768K
  class space    used 891K, capacity 912K, committed 1024K, reserved 1048576K
Event: 14.020 GC heap after
Heap after GC invocations=12 (full 2):
 PSYoungGen      total 22016K, used 7398K [0x00000000d5d00000, 0x00000000d7c80000, 0x0000000100000000)
  eden space 14336K, 0% used [0x00000000d5d00000,0x00000000d5d00000,0x00000000d6b00000)
  from space 7680K, 96% used [0x00000000d7500000,0x00000000d7c399f0,0x00000000d7c80000)
  to   space 8704K, 0% used [0x00000000d6b80000,0x00000000d6b80000,0x00000000d7400000)
 ParOldGen       total 16384K, used 11158K [0x0000000081600000, 0x0000000082600000, 0x00000000d5d00000)
  object space 16384K, 68% used [0x0000000081600000,0x00000000820e5850,0x0000000082600000)
 Metaspace       used 7634K, capacity 8404K, committed 8704K, reserved 1056768K
  class space    used 891K, capacity 912K, committed 1024K, reserved 1048576K
}
Event: 14.425 GC heap before
{Heap before GC invocations=13 (full 2):
 PSYoungGen      total 22016K, used 21734K [0x00000000d5d00000, 0x00000000d7c80000, 0x0000000100000000)
  eden space 14336K, 100% used [0x00000000d5d00000,0x00000000d6b00000,0x00000000d6b00000)
  from space 7680K, 96% used [0x00000000d7500000,0x00000000d7c399f0,0x00000000d7c80000)
  to   space 8704K, 0% used [0x00000000d6b80000,0x00000000d6b80000,0x00000000d7400000)
 ParOldGen       total 16384K, used 11158K [0x0000000081600000, 0x0000000082600000, 0x00000000d5d00000)
  object space 16384K, 68% used [0x0000000081600000,0x00000000820e5850,0x0000000082600000)
 Metaspace       used 8029K, capacity 8820K, committed 8960K, reserved 1056768K
  class space    used 904K, capacity 944K, committed 1024K, reserved 1048576K
Event: 14.495 GC heap after
Heap after GC invocations=13 (full 2):
 PSYoungGen      total 23552K, used 8690K [0x00000000d5d00000, 0x00000000d8680000, 0x0000000100000000)
  eden space 14848K, 0% used [0x00000000d5d00000,0x00000000d5d00000,0x00000000d6b80000)
  from space 8704K, 99% used [0x00000000d6b80000,0x00000000d73fcb80,0x00000000d7400000)
  to   space 11264K, 0% used [0x00000000d7b80000,0x00000000d7b80000,0x00000000d8680000)
 ParOldGen       total 16384K, used 13732K [0x0000000081600000, 0x0000000082600000, 0x00000000d5d00000)
  object space 16384K, 83% used [0x0000000081600000,0x00000000823693e0,0x0000000082600000)
 Metaspace       used 8029K, capacity 8820K, committed 8960K, reserved 1056768K
  class space    used 904K, capacity 944K, committed 1024K, reserved 1048576K
}
Event: 14.495 GC heap before
{Heap before GC invocations=14 (full 3):
 PSYoungGen      total 23552K, used 8690K [0x00000000d5d00000, 0x00000000d8680000, 0x0000000100000000)
  eden space 14848K, 0% used [0x00000000d5d00000,0x00000000d5d00000,0x00000000d6b80000)
  from space 8704K, 99% used [0x00000000d6b80000,0x00000000d73fcb80,0x00000000d7400000)
  to   space 11264K, 0% used [0x00000000d7b80000,0x00000000d7b80000,0x00000000d8680000)
 ParOldGen       total 16384K, used 13732K [0x0000000081600000, 0x0000000082600000, 0x00000000d5d00000)
  object space 16384K, 83% used [0x0000000081600000,0x00000000823693e0,0x0000000082600000)
 Metaspace       used 8029K, capacity 8820K, committed 8960K, reserved 1056768K
  class space    used 904K, capacity 944K, committed 1024K, reserved 1048576K
Event: 14.700 GC heap after
Heap after GC invocations=14 (full 3):
 PSYoungGen      total 23552K, used 6072K [0x00000000d5d00000, 0x00000000d8680000, 0x0000000100000000)
  eden space 14848K, 0% used [0x00000000d5d00000,0x00000000d5d00000,0x00000000d6b80000)
  from space 8704K, 69% used [0x00000000d6b80000,0x00000000d716e200,0x00000000d7400000)
  to   space 11264K, 0% used [0x00000000d7b80000,0x00000000d7b80000,0x00000000d8680000)
 ParOldGen       total 16384K, used 16052K [0x0000000081600000, 0x0000000082600000, 0x00000000d5d00000)
  object space 16384K, 97% used [0x0000000081600000,0x00000000825ad158,0x0000000082600000)
 Metaspace       used 8029K, capacity 8820K, committed 8960K, reserved 1056768K
  class space    used 904K, capacity 944K, committed 1024K, reserved 1048576K
}

